<?xml version="1.0" encoding="UTF-8"?>
<!-- Generated by org.testng.reporters.JUnitReportReporter -->
<testsuite name="cn.usmile365.jsonpath.TestJson" tests="1" time="1.014" ignored="0" failures="0" timestamp="09 五月 2017 08:47:59 GMT" skipped="0" hostname="zhaoll" errors="0">
  <testcase name="testJson2" time="1.014" classname="cn.usmile365.jsonpath.TestJson"/>
</testsuite> <!-- cn.usmile365.jsonpath.TestJson -->
