<?xml version="1.0" encoding="UTF-8"?>
<!-- Generated by org.testng.reporters.JUnitReportReporter -->
<testsuite name="org.joy.TestHello" tests="1" time="0.026" ignored="0" failures="0" timestamp="11 五月 2017 11:25:37 GMT" skipped="0" hostname="zhaoll" errors="0">
  <testcase name="say" time="0.026" classname="org.joy.TestHello"/>
</testsuite> <!-- org.joy.TestHello -->
