<?xml version="1.0" encoding="UTF-8"?>
<!-- Generated by org.testng.reporters.JUnitReportReporter -->
<testsuite name="com.wesmile365.demo.Bar" tests="3" time="0.015" ignored="0" failures="0" timestamp="01 四月 2017 14:37:43 GMT" skipped="0" hostname="zhaoll" errors="0">
  <testcase name="test2" time="0.011" classname="com.wesmile365.demo.Bar"/>
  <testcase name="test6" time="0.002" classname="com.wesmile365.demo.Bar"/>
  <testcase name="test4" time="0.002" classname="com.wesmile365.demo.Bar"/>
</testsuite> <!-- com.wesmile365.demo.Bar -->
