<?xml version="1.0" encoding="UTF-8"?>
<!-- Generated by org.testng.reporters.JUnitReportReporter -->
<testsuite name="com.wesmile365.demo.xyz.Foo" tests="1" time="0.002" ignored="0" failures="0" timestamp="01 四月 2017 12:40:48 GMT" skipped="0" hostname="zhaoll" errors="0">
  <testcase name="test" time="0.002" classname="com.wesmile365.demo.xyz.Foo"/>
</testsuite> <!-- com.wesmile365.demo.xyz.Foo -->
