<?xml version="1.0" encoding="UTF-8"?>
<!-- Generated by org.testng.reporters.JUnitReportReporter -->
<testsuite name="com.wesmile365.demo2.PrintContext" tests="1" time="0.011" ignored="1" failures="0" timestamp="01 四月 2017 15:32:12 GMT" skipped="0" hostname="zhaoll" errors="0">
  <testcase name="printContext1" time="0.011" classname="com.wesmile365.demo2.PrintContext"/>
  <testcase name="printContext" classname="com.wesmile365.demo2.PrintContext">
    <skipped/>
  </testcase> <!-- printContext -->
</testsuite> <!-- com.wesmile365.demo2.PrintContext -->
