<?xml version="1.0" encoding="UTF-8"?>
<!-- Generated by org.testng.reporters.JUnitReportReporter -->
<testsuite name="com.wesmile365.demo.Foo" tests="3" time="0.006" ignored="0" failures="0" timestamp="01 四月 2017 14:37:43 GMT" skipped="0" hostname="zhaoll" errors="0">
  <testcase name="test5" time="0.002" classname="com.wesmile365.demo.Foo"/>
  <testcase name="test3" time="0.002" classname="com.wesmile365.demo.Foo"/>
  <testcase name="test1" time="0.002" classname="com.wesmile365.demo.Foo"/>
</testsuite> <!-- com.wesmile365.demo.Foo -->
